<?xml version="1.0" encoding="UTF-8"?>
<!-- Generated by org.testng.reporters.JUnitReportReporter -->
<testsuite skipped="0" hostname="classroom-PC" name="testNG.Example2" tests="2" failures="0" timestamp="28 Feb 2019 12:52:55 GMT" time="0.010" errors="0">
  <testcase name="deleteEmp" time="0.003" classname="testNG.Example2"/>
  <testcase name="addLocation" time="0.007" classname="testNG.Example2"/>
</testsuite> <!-- testNG.Example2 -->
