<?xml version="1.0" encoding="UTF-8"?>
<!-- Generated by org.testng.reporters.JUnitReportReporter -->
<testsuite skipped="0" hostname="classroom-PC" name="testNG.Example3" tests="2" failures="0" timestamp="28 Feb 2019 12:50:41 GMT" time="0.006" errors="0">
  <testcase name="editLocation" time="0.003" classname="testNG.Example3"/>
  <testcase name="deleteLocation" time="0.003" classname="testNG.Example3"/>
</testsuite> <!-- testNG.Example3 -->
